<?xml version="1.0" encoding="UTF-8"?>
<!-- Generated by org.testng.reporters.JUnitXMLReporter -->
<testsuite hostname="DESKTOP-NHH3FRO" tests="1" failures="1" timestamp="28 Feb 2020 12:22:45 GMT" time="0.047" errors="0">
  <testcase name="test" time="0.016" classname="TC_01">
    <failure type="java.lang.Error" message="Unresolved compilation problems: 
	WebDriver cannot be resolved to a type
	ChromeDriver cannot be resolved to a type
">
      <![CDATA[java.lang.Error: Unresolved compilation problems: 
	WebDriver cannot be resolved to a type
	ChromeDriver cannot be resolved to a type

	at TC_01.test(TC_01.java:13)
... Removed 25 stack frames]]>
    </failure>
  </testcase> <!-- test -->
</testsuite>
